
> portfolio@0.1.0 build
> next build

[baseline-browser-mapping] The data in this module is over two months old.  To ensure accurate Baseline data, please update: `npm i baseline-browser-mapping@latest -D`
   Γû▓ Next.js 16.0.10 (Turbopack)
   - Environments: .env.local, .env.production
   - Experiments (use with caution):
     ┬╖ optimizePackageImports

   Creating an optimized production build ...
[baseline-browser-mapping] The data in this module is over two months old.  To ensure accurate Baseline data, please update: `npm i baseline-browser-mapping@latest -D`
 Γ£ô Compiled successfully in 7.7s
   Running TypeScript ...
   Collecting page data using 7 workers ...
[baseline-browser-mapping] The data in this module is over two months old.  To ensure accurate Baseline data, please update: `npm i baseline-browser-mapping@latest -D`
[baseline-browser-mapping] The data in this module is over two months old.  To ensure accurate Baseline data, please update: `npm i baseline-browser-mapping@latest -D`
[baseline-browser-mapping] The data in this module is over two months old.  To ensure accurate Baseline data, please update: `npm i baseline-browser-mapping@latest -D`
[baseline-browser-mapping] The data in this module is over two months old.  To ensure accurate Baseline data, please update: `npm i baseline-browser-mapping@latest -D`
[baseline-browser-mapping] The data in this module is over two months old.  To ensure accurate Baseline data, please update: `npm i baseline-browser-mapping@latest -D`
[baseline-browser-mapping] The data in this module is over two months old.  To ensure accurate Baseline data, please update: `npm i baseline-browser-mapping@latest -D`
[baseline-browser-mapping] The data in this module is over two months old.  To ensure accurate Baseline data, please update: `npm i baseline-browser-mapping@latest -D`
 ΓÜá Using edge runtime on a page currently disables static generation for that page
   Generating static pages using 7 workers (0/47) ...
[baseline-browser-mapping] The data in this module is over two months old.  To ensure accurate Baseline data, please update: `npm i baseline-browser-mapping@latest -D`
[baseline-browser-mapping] The data in this module is over two months old.  To ensure accurate Baseline data, please update: `npm i baseline-browser-mapping@latest -D`
   Generating static pages using 7 workers (11/47) 
   Generating static pages using 7 workers (23/47) 
   Generating static pages using 7 workers (35/47) 
 Γ£ô Generating static pages using 7 workers (47/47) in 1532.9ms
   Finalizing page optimization ...

Route (app)                            Revalidate  Expire
Γöî Γùï /
Γö£ Γùï /_not-found
Γö£ Γùï /about                                     1h      1y
Γö£ Γùï /admin
Γö£ Γùï /admin/reorder
Γö£ Γùï /admin/reorder-blogs
Γö£ Γùï /admin/reports
Γö£ ╞Æ /api/admin/audit/logs
Γö£ ╞Æ /api/admin/audit/report
Γö£ ╞Æ /api/admin/github/generate-readme
Γö£ ╞Æ /api/admin/github/push-readme
Γö£ ╞Æ /api/admin/github/sync
Γö£ ╞Æ /api/admin/stats
Γö£ ╞Æ /api/ai/generate
Γö£ ╞Æ /api/audit
Γö£ ╞Æ /api/audit/session
Γö£ ╞Æ /api/auth/check
Γö£ ╞Æ /api/auth/login
Γö£ ╞Æ /api/auth/logout
Γö£ ╞Æ /api/blogs
Γö£ ╞Æ /api/blogs/reorder
Γö£ ╞Æ /api/bootstrap
Γö£ ╞Æ /api/certifications
Γö£ ╞Æ /api/chat
Γö£ ╞Æ /api/config
Γö£ ╞Æ /api/contact
Γö£ ╞Æ /api/db-setup
Γö£ ╞Æ /api/debug-db
Γö£ ╞Æ /api/debug-env
Γö£ ╞Æ /api/debug-mail
Γö£ ╞Æ /api/education
Γö£ ╞Æ /api/experience
Γö£ ╞Æ /api/profile
Γö£ ╞Æ /api/projects
Γö£ ╞Æ /api/projects/latest
Γö£ ╞Æ /api/projects/reorder
Γö£ ╞Æ /api/resume
Γö£ ╞Æ /api/skills
Γö£ ╞Æ /api/ui-config
Γö£ ╞Æ /api/upload
Γö£ Γùï /blogs
Γö£ ╞Æ /blogs/[slug]
Γö£ ╞Æ /blogs/[slug]/edit
Γö£ Γùï /blogs/new
Γö£ Γùï /contact
Γö£ Γùï /icon.png
Γö£ ╞Æ /opengraph-image
Γö£ Γùï /projects
Γö£ ╞Æ /projects/[slug]
Γö£ ╞Æ /projects/[slug]/edit
Γö£ Γùï /projects/new
Γö£ Γùï /robots.txt
Γöö Γùï /sitemap.xml                               1h      1y


Γùï  (Static)   prerendered as static content
╞Æ  (Dynamic)  server-rendered on demand

